2024-12-04T09:59:39.600Z info: Server running on port 5001
2024-12-04T09:59:39.914Z info: Connected to MongoDB
2024-12-04T10:06:18.005Z info: Server running on port 5001
2024-12-04T10:06:18.378Z info: Connected to MongoDB
2024-12-04T10:11:58.821Z info: Server running on port 5001
2024-12-04T10:11:59.090Z info: Connected to MongoDB
2024-12-04T12:43:11.077Z info: Server running on port 5001
2024-12-04T12:43:11.420Z info: Connected to MongoDB
2024-12-04T13:06:43.740Z info: Server running on port 5001
2024-12-04T13:06:44.046Z info: Connected to MongoDB
2024-12-04T16:41:13.613Z info: Server running on port 5001
2024-12-04T16:41:13.884Z info: Connected to MongoDB
2024-12-04T16:54:57.732Z info: Server running on port 5001
2024-12-04T16:54:58.036Z info: Connected to MongoDB
2024-12-05T06:05:59.501Z info: Server running on port 5001
2024-12-05T06:05:59.773Z info: Connected to MongoDB
2024-12-05T06:28:31.247Z info: Server running on port 5001
2024-12-05T06:28:31.590Z info: Connected to MongoDB
2024-12-05T06:33:37.647Z info: Server is running on port 5001
2024-12-05T06:33:37.922Z info: Connected to MongoDB
2024-12-05T06:35:01.038Z info: Server is running on port 5001
2024-12-05T06:35:01.301Z info: Connected to MongoDB
2024-12-05T06:42:42.362Z info: Server is running on port 5001
2024-12-05T06:42:42.644Z info: Connected to MongoDB
2024-12-05T06:52:45.543Z info: Server is running on port 5001
2024-12-05T06:52:45.876Z info: Connected to MongoDB
2024-12-05T06:55:16.481Z info: Server is running on port 5001
2024-12-05T06:55:16.750Z info: Connected to MongoDB
2024-12-05T07:18:47.972Z info: Server is running on port 5001
2024-12-05T07:18:48.298Z info: Connected to MongoDB
2024-12-05T07:28:45.565Z info: Server is running on port 5001
2024-12-05T07:28:45.825Z info: Connected to MongoDB
2024-12-05T07:37:05.194Z info: Server is running on port 5001
2024-12-05T07:37:05.411Z info: Connected to MongoDB
2024-12-05T07:39:48.512Z info: Server is running on port 5001
2024-12-05T07:39:48.728Z info: Connected to MongoDB
2024-12-05T07:40:54.900Z info: Server is running on port 5001
2024-12-05T07:40:55.138Z info: Connected to MongoDB
2024-12-05T08:24:35.848Z info: Server is running on port 5001
2024-12-05T08:24:36.163Z info: Connected to MongoDB
2024-12-05T08:32:40.188Z info: Server is running on port 5001
2024-12-05T08:32:40.451Z info: Connected to MongoDB
2024-12-05T08:56:19.537Z info: Server is running on port 5001
2024-12-05T08:56:19.883Z info: Connected to MongoDB
2024-12-05T09:01:07.685Z info: Server is running on port 5001
2024-12-05T09:01:08.008Z info: Connected to MongoDB
2024-12-05T09:13:03.335Z info: Server is running on port 5001
2024-12-05T09:13:03.592Z info: Connected to MongoDB
2024-12-05T09:20:43.320Z info: Server is running on port 5001
2024-12-05T09:20:43.569Z info: Connected to MongoDB
2024-12-05T09:21:08.472Z info: Server is running on port 5001
2024-12-05T09:21:08.772Z info: Connected to MongoDB
2024-12-05T09:21:32.389Z info: Server is running on port 5001
2024-12-05T09:21:32.635Z info: Connected to MongoDB
2024-12-05T09:21:50.179Z info: Server is running on port 5001
2024-12-05T09:21:50.468Z info: Connected to MongoDB
2024-12-05T09:22:54.548Z info: Server is running on port 5001
2024-12-05T09:22:54.914Z info: Connected to MongoDB
2024-12-05T09:40:53.501Z info: Server is running on port 5001
2024-12-05T09:40:53.847Z info: Connected to MongoDB
2024-12-05T09:47:58.602Z info: Server is running on port 5001
2024-12-05T09:47:58.887Z info: Connected to MongoDB
2024-12-05T09:54:59.742Z info: Server is running on port 5001
2024-12-05T09:55:00.002Z info: Connected to MongoDB
2024-12-05T09:56:11.025Z info: Server is running on port 5001
2024-12-05T09:56:11.311Z info: Connected to MongoDB
2024-12-05T09:58:26.039Z info: Server is running on port 5001
2024-12-05T09:58:26.387Z info: Connected to MongoDB
2024-12-05T10:04:34.030Z info: Server is running on port 5001
2024-12-05T10:04:34.327Z info: Connected to MongoDB
2024-12-05T11:16:52.583Z info: Server is running on port 5001
2024-12-05T11:16:52.869Z info: Connected to MongoDB
2024-12-05T11:32:02.123Z info: Server is running on port 5001
2024-12-05T11:32:02.422Z info: Connected to MongoDB
2024-12-05T11:57:04.098Z info: Server is running on port 5001
2024-12-05T11:57:04.381Z info: Connected to MongoDB
2024-12-05T12:16:22.670Z info: Server is running on port 5001
2024-12-05T12:16:22.958Z info: Connected to MongoDB
2024-12-05T12:21:16.765Z info: Server is running on port 5001
2024-12-05T12:21:17.094Z info: Connected to MongoDB
2024-12-05T12:32:59.379Z info: Server is running on port 5001
2024-12-05T12:32:59.628Z info: Connected to MongoDB
2024-12-05T12:40:41.435Z info: Server is running on port 5001
2024-12-05T12:40:41.634Z info: Connected to MongoDB
2024-12-05T13:04:15.393Z info: Server is running on port 5001
2024-12-05T13:04:15.631Z info: Connected to MongoDB
2024-12-05T13:15:53.588Z info: Server is running on port 5001
2024-12-05T13:15:53.862Z info: Connected to MongoDB
2024-12-06T05:11:38.781Z info: Server is running on port 5001
2024-12-06T05:11:39.055Z info: Connected to MongoDB
2024-12-06T05:31:35.344Z info: Server is running on port 5001
2024-12-06T05:31:35.665Z info: Connected to MongoDB
2024-12-06T05:39:52.360Z info: Server is running on port 5001
2024-12-06T05:39:54.645Z info: Connected to MongoDB
2024-12-06T05:43:51.812Z info: Server is running on port 5001
2024-12-06T05:43:52.407Z info: Connected to MongoDB
2024-12-06T05:47:41.824Z info: Server is running on port 5001
2024-12-06T05:47:42.165Z info: Connected to MongoDB
2024-12-06T06:09:32.959Z info: Server is running on port 5001
2024-12-06T06:09:33.250Z info: Connected to MongoDB
2024-12-06T09:33:12.505Z info: Server is running on port 5001
2024-12-06T09:33:12.793Z info: Connected to MongoDB
2024-12-06T09:58:19.190Z info: Server is running on port 5001
2024-12-06T09:58:19.489Z info: Connected to MongoDB
2024-12-06T10:00:24.633Z info: Server is running on port 5001
2024-12-06T10:00:24.917Z info: Connected to MongoDB
2024-12-06T10:01:04.427Z error: Error: Route not found
2024-12-06T10:08:50.859Z info: Server is running on port 5001
2024-12-06T10:08:51.181Z info: Connected to MongoDB
2024-12-06T10:09:34.548Z error: Error: Route not found
2024-12-06T10:10:31.733Z error: Error: Route not found
2024-12-06T10:10:47.072Z error: Error: Route not found
2024-12-06T10:18:44.378Z error: Error: Route not found
2024-12-06T10:21:06.179Z error: Error: Route not found
2024-12-06T10:32:48.538Z info: Server is running on port 5001
2024-12-06T10:32:48.814Z info: Connected to MongoDB
2024-12-06T10:33:36.795Z error: Error: Route not found
2024-12-06T10:46:02.236Z info: Server is running on port 5001
2024-12-06T10:46:02.573Z info: Connected to MongoDB
2024-12-06T10:46:16.173Z error: Error: Route not found
2024-12-06T11:02:34.079Z info: Server is running on port 5001
2024-12-06T11:02:34.519Z info: Connected to MongoDB
2024-12-06T11:03:21.022Z error: Error: Route not found
2024-12-06T11:08:05.632Z error: Error: Route not found
2024-12-06T11:08:11.426Z error: Error: Route not found
2024-12-06T11:10:10.776Z error: Error: Route not found
2024-12-06T12:10:47.356Z info: Server is running on port 5001
2024-12-06T12:10:47.675Z info: Connected to MongoDB
2024-12-06T12:14:24.412Z error: Error: Route not found
2024-12-06T12:20:06.578Z info: Server is running on port 5001
2024-12-06T12:20:06.853Z info: Connected to MongoDB
2024-12-06T12:31:49.098Z info: Server is running on port 5001
2024-12-06T12:31:49.325Z info: Connected to MongoDB
2024-12-07T05:28:18.824Z info: Server is running on port 5001
2024-12-07T05:28:19.130Z info: Connected to MongoDB
2024-12-07T05:28:45.302Z error: Error: Route not found
2024-12-07T05:28:45.637Z error: Error: Route not found
2024-12-07T05:34:08.063Z info: Server is running on port 5001
2024-12-07T05:34:08.365Z info: Connected to MongoDB
2024-12-07T05:40:16.781Z info: Server is running on port 5001
2024-12-07T05:40:17.080Z info: Connected to MongoDB
2024-12-07T05:44:39.102Z info: Server is running on port 5001
2024-12-07T05:44:39.356Z info: Connected to MongoDB
2024-12-07T05:50:09.227Z info: Server is running on port 5001
2024-12-07T05:50:09.490Z info: Connected to MongoDB
2024-12-07T05:50:35.066Z error: Error: Route not found
2024-12-07T05:50:35.085Z error: Error: Route not found
2024-12-07T05:50:35.114Z error: Error: Route not found
2024-12-07T06:00:09.905Z info: Server is running on port 5001
2024-12-07T06:00:10.181Z info: Connected to MongoDB
2024-12-07T06:07:00.768Z info: Server is running on port 5001
2024-12-07T06:07:01.035Z info: Connected to MongoDB
2024-12-07T06:19:47.017Z info: Server is running on port 5001
2024-12-07T06:19:47.306Z info: Connected to MongoDB
2024-12-07T06:24:08.114Z info: Server is running on port 5001
2024-12-07T06:24:08.382Z info: Connected to MongoDB
2024-12-07T07:09:21.217Z info: Server is running on port 5001
2024-12-07T07:09:21.473Z info: Connected to MongoDB
2024-12-07T07:09:59.738Z error: Error: Route not found
2024-12-07T07:10:29.865Z error: Error: Route not found
2024-12-07T07:10:57.559Z error: Error: Route not found
2024-12-08T06:35:25.484Z info: Server is running on port 5001
2024-12-08T06:35:25.802Z info: Connected to MongoDB
2024-12-08T06:40:07.007Z info: Server is running on port 5001
2024-12-08T06:40:07.298Z info: Connected to MongoDB
2024-12-08T06:49:09.509Z info: Server is running on port 5001
2024-12-08T06:49:09.795Z info: Connected to MongoDB
2024-12-08T06:49:36.410Z error: Error: Route not found
2024-12-08T06:49:36.700Z error: Error: Route not found
2024-12-08T06:49:38.330Z error: Error: Route not found
2024-12-08T06:57:08.249Z info: Server is running on port 5001
2024-12-08T06:57:08.517Z info: Connected to MongoDB
2024-12-08T07:00:55.775Z info: Server is running on port 5001
2024-12-08T07:00:56.077Z info: Connected to MongoDB
2024-12-08T07:02:11.649Z error: Error: Route not found
2024-12-08T07:05:58.600Z info: Server is running on port 5001
2024-12-08T07:05:58.881Z info: Connected to MongoDB
2024-12-08T07:07:28.390Z info: SIGINT received. Closing MongoDB connection.
2024-12-08T07:11:24.918Z info: Server is running on port 5001
2024-12-08T07:11:25.202Z info: Connected to MongoDB
2024-12-08T07:17:46.661Z info: Server is running on port 5001
2024-12-08T07:17:46.910Z info: Connected to MongoDB
2024-12-08T07:34:48.528Z info: Server is running on port 5001
2024-12-08T07:34:48.970Z info: Connected to MongoDB
2024-12-08T07:38:18.074Z info: Server is running on port 5001
2024-12-08T07:38:18.408Z info: Connected to MongoDB
2024-12-08T08:11:10.045Z info: Server is running on port 5001
2024-12-08T08:11:11.301Z info: Connected to MongoDB
2024-12-08T08:13:36.463Z info: Server is running on port 5001
2024-12-08T08:13:37.665Z info: Connected to MongoDB
2024-12-08T08:17:09.253Z info: Server is running on port 5001
2024-12-08T08:17:10.601Z info: Connected to MongoDB
2024-12-08T08:31:38.615Z info: SIGINT received. Closing MongoDB connection.
2024-12-08T08:31:45.004Z info: Server is running on port 5001
2024-12-08T08:31:45.903Z info: Connected to MongoDB
2024-12-08T08:32:27.199Z info: SIGINT received. Closing MongoDB connection.
2024-12-08T08:32:32.081Z info: Server is running on port 5001
2024-12-08T08:32:32.881Z info: Connected to MongoDB
2024-12-08T08:34:50.938Z info: SIGINT received. Closing MongoDB connection.
2024-12-08T08:36:39.563Z info: Server is running on port 5001
2024-12-08T08:36:40.329Z info: Connected to MongoDB
2024-12-08T08:37:08.769Z info: Server is running on port 5001
2024-12-08T08:37:09.255Z info: Connected to MongoDB
2024-12-08T08:39:29.633Z info: Server is running on port 5001
2024-12-08T08:39:31.227Z info: Server is running on port 5001
2024-12-08T08:39:31.982Z info: Connected to MongoDB
2024-12-08T08:39:33.098Z info: Server is running on port 5001
2024-12-08T08:39:34.344Z info: Server is running on port 5001
2024-12-08T08:39:35.083Z info: Connected to MongoDB
2024-12-08T08:42:22.768Z info: Server is running on port 5001
2024-12-08T08:42:23.453Z info: Connected to MongoDB
2024-12-08T08:44:52.142Z info: Server is running on port 5001
2024-12-08T08:44:53.409Z info: Server is running on port 5001
2024-12-08T08:44:54.305Z info: Connected to MongoDB
2024-12-08T08:44:57.472Z info: Server is running on port 5001
2024-12-08T08:44:58.097Z info: Connected to MongoDB
2024-12-08T08:45:01.594Z info: Server is running on port 5001
2024-12-08T08:45:02.339Z info: Connected to MongoDB
2024-12-08T08:47:07.647Z info: SIGINT received. Closing MongoDB connection.
2024-12-08T08:47:14.109Z info: Server is running on port 5001
2024-12-08T08:47:15.018Z info: Connected to MongoDB
2024-12-08T08:58:41.880Z info: Server is running on port 5001
2024-12-08T08:58:42.095Z info: Connected to MongoDB
2024-12-08T08:58:45.166Z info: Server is running on port 5001
2024-12-08T08:58:45.392Z info: Connected to MongoDB
2024-12-08T08:58:47.433Z info: Server is running on port 5001
2024-12-08T08:58:47.669Z info: Connected to MongoDB
2024-12-08T08:58:54.003Z info: Server is running on port 5001
2024-12-08T08:58:54.263Z info: Connected to MongoDB
2024-12-08T09:03:44.945Z info: Server is running on port 5001
2024-12-08T09:03:46.190Z info: Server is running on port 5001
2024-12-08T09:03:46.439Z info: Connected to MongoDB
2024-12-09T07:38:50.259Z info: Server is running on port 5001
2024-12-09T07:38:50.507Z info: Connected to MongoDB
2024-12-09T07:39:13.104Z info: Server is running on port 5001
2024-12-09T07:39:13.288Z info: Connected to MongoDB
2024-12-09T11:42:03.852Z info: Server is running on port 5001
2024-12-09T11:42:04.109Z info: Connected to MongoDB
2024-12-09T11:43:28.547Z info: Server is running on port 5001
2024-12-09T11:43:30.113Z info: Server is running on port 5001
2024-12-09T11:43:30.352Z info: Connected to MongoDB
2024-12-09T11:43:36.246Z info: Server is running on port 5001
2024-12-09T11:43:36.495Z info: Connected to MongoDB
2024-12-09T11:55:32.244Z info: Server is running on port 5001
2024-12-09T11:55:32.505Z info: Connected to MongoDB
2024-12-09T12:02:18.024Z info: Server is running on port 5001
2024-12-09T12:02:18.264Z info: Connected to MongoDB
2024-12-09T12:02:35.945Z info: Server is running on port 5001
2024-12-09T12:02:36.190Z info: Connected to MongoDB
2024-12-09T12:02:40.430Z info: Server is running on port 5001
2024-12-09T12:02:40.666Z info: Connected to MongoDB
2024-12-09T12:02:42.537Z info: Server is running on port 5001
2024-12-09T12:02:42.781Z info: Connected to MongoDB
2024-12-09T12:03:17.342Z info: Server is running on port 5001
2024-12-09T12:03:17.638Z info: Connected to MongoDB
2024-12-09T12:19:39.248Z info: Server is running on port 5001
2024-12-09T12:19:39.528Z info: Connected to MongoDB
2024-12-09T12:31:19.059Z info: Server is running on port 5001
2024-12-09T12:31:19.414Z info: Connected to MongoDB
2024-12-09T12:37:42.035Z info: Server is running on port 5001
2024-12-09T12:37:42.308Z info: Connected to MongoDB
2024-12-09T12:38:11.835Z error: Error: Route not found
2024-12-10T04:47:53.483Z info: Server is running on port 5001
2024-12-10T04:47:54.026Z info: Connected to MongoDB
2024-12-10T06:02:02.452Z error: Error: Route not found
2024-12-10T06:03:12.417Z error: Error: Route not found
2024-12-10T06:24:38.132Z error: Error: Route not found
2024-12-10T08:05:16.355Z info: Server is running on port 5001
2024-12-10T08:05:16.661Z info: Connected to MongoDB
2024-12-10T08:05:48.906Z error: Error: Route not found
2024-12-10T08:55:55.026Z info: Server is running on port 5001
2024-12-10T08:55:55.346Z info: Connected to MongoDB
2024-12-10T08:56:24.064Z error: Error: Route not found
2024-12-10T08:56:24.598Z error: Error: Route not found
2024-12-10T09:07:33.743Z info: Server is running on port 5001
2024-12-10T09:07:34.046Z info: Connected to MongoDB
2024-12-10T09:07:57.084Z error: Error: Route not found
2024-12-10T09:07:57.100Z error: Error: Route not found
2024-12-10T09:14:28.099Z info: Server is running on port 5001
2024-12-10T09:14:28.437Z info: Connected to MongoDB
2024-12-10T09:24:03.731Z info: Server is running on port 5001
2024-12-10T09:24:04.039Z info: Connected to MongoDB
2024-12-10T09:53:24.528Z info: Server is running on port 5001
2024-12-10T09:54:29.872Z info: Server is running on port 5001
2024-12-10T09:54:30.151Z info: Connected to MongoDB
2024-12-10T09:54:52.692Z error: Error: Route not found
2024-12-10T12:22:39.961Z info: Server is running on port 5001
2024-12-10T12:23:48.375Z info: Server is running on port 5001
2024-12-10T12:23:48.599Z info: Connected to MongoDB
2024-12-10T12:24:30.448Z error: Error: Route not found
2024-12-10T12:59:38.449Z info: Server is running on port 5001
2024-12-10T12:59:38.792Z info: Connected to MongoDB
2024-12-11T09:30:03.895Z error: Error: Route not found
2024-12-11T09:40:23.187Z info: Server is running on port 5001
2024-12-11T09:40:23.425Z info: Connected to MongoDB
2024-12-11T09:40:50.699Z error: Error: Route not found
2024-12-11T09:40:50.988Z error: Error: Route not found
2024-12-11T09:49:30.150Z error: Error: Route not found
2024-12-11T09:57:45.301Z info: Server is running on port 5001
2024-12-11T09:57:45.619Z info: Connected to MongoDB
2024-12-11T10:28:14.561Z info: Server is running on port 5001
2024-12-11T10:28:14.885Z info: Connected to MongoDB
2024-12-11T10:37:20.866Z info: Server is running on port 5001
2024-12-11T10:37:21.158Z info: Connected to MongoDB
2024-12-11T10:38:02.236Z error: Error: Route not found
2024-12-11T10:57:49.112Z info: Server is running on port 5001
2024-12-11T10:57:49.434Z info: Connected to MongoDB
2024-12-12T08:37:09.930Z info: Server is running on port 5001
2024-12-12T08:37:10.289Z info: Connected to MongoDB
2024-12-12T08:37:42.060Z error: Error: Route not found
2024-12-12T08:37:42.075Z error: Error: Route not found
2024-12-12T09:06:15.932Z error: Error: Route not found
2024-12-12T09:24:14.590Z info: Server is running on port 5001
2024-12-12T09:24:14.843Z info: Connected to MongoDB
2024-12-12T09:42:20.834Z info: Server is running on port 5001
2024-12-12T09:42:21.088Z info: Connected to MongoDB
2024-12-12T09:43:10.868Z error: Error: Route not found
2024-12-12T11:39:46.132Z info: Server is running on port 5001
2024-12-12T11:39:46.432Z info: Connected to MongoDB
2024-12-12T11:40:35.921Z error: Error: Route not found
2024-12-14T04:59:59.891Z info: SIGINT received. Closing MongoDB connection.
2024-12-14T05:00:20.124Z info: Server is running on port 5001
2024-12-14T05:00:20.431Z info: Connected to MongoDB
2024-12-14T05:00:57.533Z info: SIGINT received. Closing MongoDB connection.
2024-12-14T05:01:05.884Z info: Server is running on port 5001
2024-12-14T05:01:06.162Z info: Connected to MongoDB
2024-12-14T05:02:24.058Z info: Server is running on port 5001
2024-12-14T05:02:24.381Z info: Connected to MongoDB
2024-12-14T05:02:28.777Z info: Server is running on port 5001
2024-12-14T05:02:29.083Z info: Connected to MongoDB
2024-12-14T05:05:39.069Z info: Server is running on port 5001
2024-12-14T05:05:39.410Z info: Connected to MongoDB
2024-12-14T05:05:43.177Z info: Server is running on port 5001
2024-12-14T05:05:43.455Z info: Connected to MongoDB
2024-12-14T05:06:02.072Z info: Server is running on port 5001
2024-12-14T05:06:02.367Z info: Connected to MongoDB
2024-12-14T05:20:35.970Z info: Server is running on port 5001
2024-12-14T05:20:36.271Z info: Connected to MongoDB
2024-12-14T05:20:38.957Z info: Server is running on port 5001
2024-12-14T05:20:39.246Z info: Connected to MongoDB
2024-12-14T05:21:04.233Z info: Server is running on port 5001
2024-12-14T05:21:04.525Z info: Connected to MongoDB
2024-12-14T05:21:13.663Z info: Server is running on port 5001
2024-12-14T05:21:13.993Z info: Connected to MongoDB
2024-12-14T05:21:15.939Z info: Server is running on port 5001
2024-12-14T05:21:16.260Z info: Connected to MongoDB
2024-12-14T05:21:21.588Z info: Server is running on port 5001
2024-12-14T05:21:21.871Z info: Connected to MongoDB
2024-12-14T05:21:25.093Z info: Server is running on port 5001
2024-12-14T05:21:25.395Z info: Connected to MongoDB
2024-12-14T05:21:29.917Z info: Server is running on port 5001
2024-12-14T05:21:30.215Z info: Connected to MongoDB
2024-12-14T05:22:06.515Z info: Server is running on port 5001
2024-12-14T05:22:06.844Z info: Connected to MongoDB
2024-12-14T05:22:39.306Z info: Server is running on port 5001
2024-12-14T05:22:39.684Z info: Connected to MongoDB
2024-12-14T05:25:00.216Z info: Server is running on port 5001
2024-12-14T05:25:00.528Z info: Connected to MongoDB
2024-12-14T05:25:04.400Z info: Server is running on port 5001
2024-12-14T05:25:04.711Z info: Connected to MongoDB
2024-12-14T05:25:08.587Z info: Server is running on port 5001
2024-12-14T05:25:08.884Z info: Connected to MongoDB
2024-12-14T05:27:08.070Z info: Server is running on port 5001
2024-12-14T05:27:08.385Z info: Connected to MongoDB
2024-12-14T05:27:39.471Z info: Server is running on port 5001
2024-12-14T05:27:39.760Z info: Connected to MongoDB
2024-12-14T05:27:42.061Z info: Server is running on port 5001
2024-12-14T05:27:42.337Z info: Connected to MongoDB
2024-12-14T05:27:45.600Z info: Server is running on port 5001
2024-12-14T05:27:45.892Z info: Connected to MongoDB
2024-12-14T05:27:48.619Z info: Server is running on port 5001
2024-12-14T05:27:48.949Z info: Connected to MongoDB
2024-12-14T05:28:11.510Z info: Server is running on port 5001
2024-12-14T05:28:11.815Z info: Connected to MongoDB
2024-12-14T05:28:29.869Z info: Server is running on port 5001
2024-12-14T05:28:30.190Z info: Connected to MongoDB
2024-12-14T05:28:46.967Z info: Server is running on port 5001
2024-12-14T05:28:47.373Z info: Connected to MongoDB
2024-12-14T05:30:16.680Z info: Server is running on port 5001
2024-12-14T05:30:18.170Z info: Connected to MongoDB
2024-12-14T09:35:21.996Z info: Server is running on port 5001
2024-12-14T09:35:22.326Z info: Connected to MongoDB
2024-12-14T09:35:45.037Z error: Error: Route not found
2024-12-15T08:31:00.791Z info: Server is running on port 5001
2024-12-15T08:31:01.103Z info: Connected to MongoDB
2024-12-15T08:31:27.500Z error: Error: Route not found
2024-12-15T08:31:33.228Z error: Error: Route not found
2024-12-15T08:31:34.166Z error: Error: Route not found
2024-12-15T12:55:56.502Z info: Server is running on port 5001
2024-12-15T12:55:56.750Z info: Connected to MongoDB
2024-12-15T12:56:37.978Z error: Error: Route not found
2024-12-15T13:29:18.559Z info: SIGINT received. Closing MongoDB connection.
2024-12-15T13:29:45.643Z info: Server is running on port 5001
2024-12-15T13:29:46.009Z info: Connected to MongoDB
2024-12-15T13:55:19.735Z info: Server is running on port 5001
2024-12-15T13:55:20.037Z info: Connected to MongoDB
2024-12-16T13:41:40.945Z info: Server is running on port 5001
2024-12-16T13:41:41.233Z info: Connected to MongoDB
2024-12-16T13:42:11.374Z error: Error: Route not found
2024-12-17T13:17:25.506Z error: Error: Route not found
2024-12-17T13:21:43.436Z error: Error: Route not found
2024-12-17T13:25:18.436Z error: Error: Route not found
2024-12-17T13:28:45.259Z error: Error: Route not found
2024-12-17T13:31:05.789Z error: Error: Route not found
2024-12-17T13:35:20.188Z info: Server is running on port 5001
2024-12-17T13:35:20.579Z info: Connected to MongoDB
2024-12-17T13:36:19.514Z info: Server is running on port 5001
2024-12-17T13:36:19.812Z info: Connected to MongoDB
2024-12-17T13:36:53.820Z info: Server is running on port 5001
2024-12-17T13:36:54.109Z info: Connected to MongoDB
2024-12-17T13:37:12.435Z info: Server is running on port 5001
2024-12-17T13:37:12.735Z info: Connected to MongoDB
2024-12-17T13:38:01.649Z error: Error: Route not found
2024-12-17T13:38:02.550Z error: Error: Route not found
2024-12-17T21:29:16.756Z info: Server is running on port 5001
2024-12-17T21:29:17.054Z info: Connected to MongoDB
2024-12-17T21:30:15.120Z info: Server is running on port 5001
2024-12-17T21:30:15.391Z info: Connected to MongoDB
2024-12-17T21:44:18.603Z info: Server is running on port 5001
2024-12-17T21:44:18.887Z info: Connected to MongoDB
2024-12-17T21:45:25.305Z error: Error: Not allowed by CORS
2024-12-19T12:18:22.104Z error: Error: Route not found
2024-12-19T12:24:05.370Z info: Server is running on port 5001
2024-12-19T12:24:05.623Z info: Connected to MongoDB
2024-12-19T21:15:13.556Z info: Server is running on port 5001
2024-12-19T21:15:13.891Z info: Connected to MongoDB
2024-12-19T21:17:55.063Z info: Server is running on port 5001
2024-12-19T21:17:55.463Z info: Connected to MongoDB
2024-12-19T21:18:55.857Z info: Server is running on port 5001
2024-12-19T21:18:56.168Z info: Connected to MongoDB
2024-12-19T21:36:06.136Z info: Server is running on port 5001
2024-12-19T21:36:06.476Z info: Connected to MongoDB
2024-12-19T21:55:17.171Z error: Error: Route not found
2024-12-21T09:31:25.888Z info: Server is running on port 5001
2024-12-21T09:31:26.216Z info: Connected to MongoDB
2024-12-21T09:31:28.217Z info: Server is running on port 5001
2024-12-21T09:31:28.480Z info: Connected to MongoDB
2024-12-21T09:31:36.398Z info: Server is running on port 5001
2024-12-21T09:31:36.682Z info: Connected to MongoDB
2024-12-21T09:31:57.037Z info: Server is running on port 5001
2024-12-21T09:31:57.341Z info: Connected to MongoDB
2024-12-21T09:32:27.710Z info: Server is running on port 5001
2024-12-21T09:32:28.063Z info: Connected to MongoDB
2024-12-21T09:32:30.910Z info: Server is running on port 5001
2024-12-21T09:32:31.190Z info: Connected to MongoDB
2024-12-21T09:33:03.140Z info: Server is running on port 5001
2024-12-21T09:33:03.434Z info: Connected to MongoDB
2024-12-21T09:33:10.631Z info: Server is running on port 5001
2024-12-21T09:33:10.934Z info: Connected to MongoDB
2024-12-21T09:33:21.095Z info: Server is running on port 5001
2024-12-21T09:33:21.401Z info: Connected to MongoDB
2024-12-21T09:33:23.816Z info: Server is running on port 5001
2024-12-21T09:33:24.166Z info: Connected to MongoDB
2024-12-21T09:33:33.285Z info: Server is running on port 5001
2024-12-21T09:33:33.620Z info: Connected to MongoDB
2024-12-21T09:33:37.434Z info: Server is running on port 5001
2024-12-21T09:33:37.788Z info: Connected to MongoDB
2024-12-21T09:33:40.908Z info: Server is running on port 5001
2024-12-21T09:33:41.195Z info: Connected to MongoDB
2024-12-21T09:35:54.061Z info: Server is running on port 5001
2024-12-21T09:35:54.410Z info: Connected to MongoDB
2024-12-21T09:35:56.181Z info: Server is running on port 5001
2024-12-21T09:35:56.500Z info: Connected to MongoDB
2024-12-21T09:36:32.899Z info: Server is running on port 5001
2024-12-21T09:36:33.197Z info: Connected to MongoDB
2024-12-21T10:10:57.312Z info: Server is running on port 5001
2024-12-21T10:10:57.572Z info: Connected to MongoDB
2024-12-21T10:11:02.415Z info: Server is running on port 5001
2024-12-21T10:11:02.622Z info: Connected to MongoDB
2024-12-21T10:11:06.825Z info: Server is running on port 5001
2024-12-21T10:11:07.035Z info: Connected to MongoDB
2024-12-21T10:11:54.581Z info: Server is running on port 5001
2024-12-21T10:11:54.797Z info: Connected to MongoDB
2024-12-21T10:11:55.596Z info: Server is running on port 5001
2024-12-21T10:11:55.787Z info: Connected to MongoDB
2024-12-21T10:11:59.388Z info: Server is running on port 5001
2024-12-21T10:11:59.612Z info: Connected to MongoDB
2024-12-21T10:13:19.528Z info: Server is running on port 5001
2024-12-21T10:13:19.802Z info: Connected to MongoDB
2024-12-21T10:13:23.131Z info: Server is running on port 5001
2024-12-21T10:13:23.315Z info: Connected to MongoDB
2024-12-21T10:13:29.685Z info: Server is running on port 5001
2024-12-21T10:13:29.870Z info: Connected to MongoDB
2024-12-21T10:13:34.940Z info: Server is running on port 5001
2024-12-21T10:13:35.163Z info: Connected to MongoDB
2024-12-21T10:13:41.128Z info: Server is running on port 5001
2024-12-21T10:13:41.321Z info: Connected to MongoDB
2024-12-21T10:13:43.329Z info: Server is running on port 5001
2024-12-21T10:13:43.540Z info: Connected to MongoDB
2024-12-21T10:14:47.157Z info: Server is running on port 5001
2024-12-21T10:14:47.434Z info: Connected to MongoDB
2024-12-21T10:15:01.508Z info: Server is running on port 5001
2024-12-21T10:15:01.763Z info: Connected to MongoDB
2024-12-21T10:15:18.362Z info: Server is running on port 5001
2024-12-21T10:15:18.589Z info: Connected to MongoDB
2024-12-21T10:15:48.367Z info: Server is running on port 5001
2024-12-21T10:15:48.611Z info: Connected to MongoDB
2024-12-21T10:15:50.742Z info: Server is running on port 5001
2024-12-21T10:15:50.956Z info: Connected to MongoDB
2024-12-21T10:17:42.710Z info: SIGINT received. Closing MongoDB connection.
2024-12-21T10:17:49.884Z info: Server is running on port 5001
2024-12-21T10:17:50.139Z info: Connected to MongoDB
2024-12-21T10:18:44.888Z info: Server is running on port 5001
2024-12-21T10:18:45.102Z info: Connected to MongoDB
2024-12-21T10:18:48.360Z info: Server is running on port 5001
2024-12-21T10:18:48.575Z info: Connected to MongoDB
2024-12-21T10:21:15.661Z info: Server is running on port 5001
2024-12-21T10:21:15.945Z info: Connected to MongoDB
2024-12-21T10:21:17.714Z info: Server is running on port 5001
2024-12-21T10:21:17.939Z info: Connected to MongoDB
2024-12-21T10:21:45.146Z info: Server is running on port 5001
2024-12-21T10:21:45.404Z info: Connected to MongoDB
2024-12-21T10:22:25.958Z info: Server is running on port 5001
2024-12-21T10:22:26.262Z info: Connected to MongoDB
2024-12-21T10:24:32.794Z info: Server is running on port 5001
2024-12-21T10:24:32.995Z info: Connected to MongoDB
2024-12-21T10:26:58.749Z info: Server is running on port 5001
2024-12-21T10:26:58.988Z info: Connected to MongoDB
2024-12-21T10:29:31.585Z info: Server is running on port 5001
2024-12-21T10:29:31.833Z info: Connected to MongoDB
2024-12-21T10:30:33.758Z info: Server is running on port 5001
2024-12-21T10:30:33.964Z info: Connected to MongoDB
2024-12-21T10:31:23.748Z info: Server is running on port 5001
2024-12-21T10:31:23.975Z info: Connected to MongoDB
2024-12-21T10:31:57.941Z info: Server is running on port 5001
2024-12-21T10:31:58.195Z info: Connected to MongoDB
2024-12-21T10:32:38.041Z info: Server is running on port 5001
2024-12-21T10:32:38.297Z info: Connected to MongoDB
2024-12-21T10:32:40.018Z info: Server is running on port 5001
2024-12-21T10:32:40.196Z info: Connected to MongoDB
2024-12-21T10:33:16.517Z info: Server is running on port 5001
2024-12-21T10:33:16.752Z info: Connected to MongoDB
2024-12-22T19:59:18.314Z info: Server is running on port 5001
2024-12-22T19:59:48.436Z error: Error connecting to MongoDB: Could not connect to any servers in your MongoDB Atlas cluster. One common reason is that you're trying to access the database from an IP that isn't whitelisted. Make sure your current IP address is on your Atlas cluster's IP whitelist: https://www.mongodb.com/docs/atlas/security-whitelist/
2024-12-22T20:22:40.497Z info: Server is running on port 5001
2024-12-22T20:23:10.603Z error: Error connecting to MongoDB: Could not connect to any servers in your MongoDB Atlas cluster. One common reason is that you're trying to access the database from an IP that isn't whitelisted. Make sure your current IP address is on your Atlas cluster's IP whitelist: https://www.mongodb.com/docs/atlas/security-whitelist/
2024-12-22T20:29:50.774Z info: Server is running on port 5001
2024-12-22T20:29:51.093Z info: Connected to MongoDB
2024-12-24T12:41:28.675Z info: Server is running on port 5001
2024-12-24T12:41:28.967Z info: Connected to MongoDB
2024-12-24T12:41:29.642Z info: Server is running on port 5001
2024-12-24T12:41:29.856Z info: Connected to MongoDB
2024-12-24T12:42:32.291Z info: Server is running on port 5001
2024-12-24T12:42:32.502Z info: Connected to MongoDB
2024-12-24T12:42:35.667Z info: Server is running on port 5001
2024-12-24T12:42:35.863Z info: Connected to MongoDB
2024-12-24T12:42:47.571Z info: Server is running on port 5001
2024-12-24T12:42:47.761Z info: Connected to MongoDB
2024-12-24T12:42:51.134Z info: Server is running on port 5001
2024-12-24T12:42:51.350Z info: Connected to MongoDB
2024-12-24T12:42:55.909Z info: Server is running on port 5001
2024-12-24T12:42:56.103Z info: Connected to MongoDB
2024-12-24T12:43:00.307Z info: Server is running on port 5001
2024-12-24T12:43:00.500Z info: Connected to MongoDB
2024-12-24T12:43:05.581Z info: Server is running on port 5001
2024-12-24T12:43:05.774Z info: Connected to MongoDB
2024-12-24T12:43:10.457Z info: Server is running on port 5001
2024-12-24T12:43:10.643Z info: Connected to MongoDB
2024-12-24T12:43:13.600Z info: Server is running on port 5001
2024-12-24T12:43:13.789Z info: Connected to MongoDB
2024-12-24T12:43:16.545Z info: Server is running on port 5001
2024-12-24T12:43:16.730Z info: Connected to MongoDB
2024-12-24T12:43:30.634Z info: Server is running on port 5001
2024-12-24T12:43:30.829Z info: Connected to MongoDB
2024-12-24T12:43:35.092Z info: Server is running on port 5001
2024-12-24T12:43:35.294Z info: Connected to MongoDB
2024-12-24T12:43:59.719Z info: Server is running on port 5001
2024-12-24T12:43:59.925Z info: Connected to MongoDB
2024-12-24T12:45:10.546Z info: Server is running on port 5001
2024-12-24T12:45:10.755Z info: Connected to MongoDB
2024-12-24T12:45:15.406Z info: Server is running on port 5001
2024-12-24T12:45:15.606Z info: Connected to MongoDB
2024-12-24T12:45:21.141Z info: Server is running on port 5001
2024-12-24T12:45:21.324Z info: Connected to MongoDB
2024-12-24T12:46:10.070Z info: Server is running on port 5001
2024-12-24T12:46:10.274Z info: Connected to MongoDB
2024-12-24T12:46:14.105Z info: Server is running on port 5001
2024-12-24T12:46:14.336Z info: Connected to MongoDB
2024-12-24T12:46:20.739Z info: Server is running on port 5001
2024-12-24T12:46:20.933Z info: Connected to MongoDB
2024-12-24T12:46:28.195Z info: Server is running on port 5001
2024-12-24T12:46:28.385Z info: Connected to MongoDB
2024-12-24T12:46:34.259Z info: Server is running on port 5001
2024-12-24T12:46:34.449Z info: Connected to MongoDB
2024-12-24T12:47:10.955Z info: Server is running on port 5001
2024-12-24T12:47:11.146Z info: Connected to MongoDB
2024-12-24T12:47:16.239Z info: Server is running on port 5001
2024-12-24T12:47:16.436Z info: Connected to MongoDB
2024-12-24T12:47:20.877Z info: Server is running on port 5001
2024-12-24T12:47:21.065Z info: Connected to MongoDB
2024-12-24T13:09:25.194Z info: Server is running on port 5001
2024-12-24T13:09:25.410Z info: Connected to MongoDB
2024-12-24T13:09:28.181Z info: Server is running on port 5001
2024-12-24T13:09:28.371Z info: Connected to MongoDB
2024-12-24T13:10:07.001Z info: Server is running on port 5001
2024-12-24T13:10:07.181Z info: Connected to MongoDB
2024-12-24T13:10:12.002Z info: Server is running on port 5001
2024-12-24T13:10:12.196Z info: Connected to MongoDB
2024-12-24T13:10:19.266Z info: Server is running on port 5001
2024-12-24T13:10:19.459Z info: Connected to MongoDB
2024-12-24T13:10:33.828Z info: Server is running on port 5001
2024-12-24T13:10:34.027Z info: Connected to MongoDB
2024-12-24T13:10:38.067Z info: Server is running on port 5001
2024-12-24T13:10:38.246Z info: Connected to MongoDB
2024-12-24T13:10:53.800Z info: Server is running on port 5001
2024-12-24T13:10:53.982Z info: Connected to MongoDB
2024-12-24T13:10:55.666Z info: Server is running on port 5001
2024-12-24T13:10:55.856Z info: Connected to MongoDB
2024-12-24T13:10:58.491Z info: Server is running on port 5001
2024-12-24T13:10:58.678Z info: Connected to MongoDB
2024-12-24T13:11:08.934Z info: Server is running on port 5001
2024-12-24T13:11:09.133Z info: Connected to MongoDB
2024-12-24T13:11:19.655Z info: Server is running on port 5001
2024-12-24T13:11:19.862Z info: Connected to MongoDB
2024-12-24T13:11:48.030Z info: Server is running on port 5001
2024-12-24T13:11:48.244Z info: Connected to MongoDB
2024-12-24T13:12:28.670Z info: Server is running on port 5001
2024-12-24T13:12:28.850Z info: Connected to MongoDB
2024-12-24T13:13:35.256Z info: Server is running on port 5001
2024-12-24T13:13:35.438Z info: Connected to MongoDB
2024-12-24T13:13:41.108Z info: Server is running on port 5001
2024-12-24T13:13:41.298Z info: Connected to MongoDB
2024-12-24T13:13:44.247Z info: Server is running on port 5001
2024-12-24T13:13:44.432Z info: Connected to MongoDB
2024-12-24T13:13:51.111Z info: Server is running on port 5001
2024-12-24T13:13:51.307Z info: Connected to MongoDB
2024-12-24T13:13:54.455Z info: Server is running on port 5001
2024-12-24T13:13:54.644Z info: Connected to MongoDB
2024-12-24T13:13:58.794Z info: Server is running on port 5001
2024-12-24T13:14:01.460Z info: Connected to MongoDB
2024-12-24T13:14:03.087Z info: Server is running on port 5001
2024-12-24T13:14:03.298Z info: Connected to MongoDB
2024-12-24T13:14:16.960Z info: Server is running on port 5001
2024-12-24T13:14:17.148Z info: Connected to MongoDB
2024-12-24T13:14:23.573Z info: Server is running on port 5001
2024-12-24T13:14:23.766Z info: Connected to MongoDB
2024-12-24T13:14:26.921Z info: Server is running on port 5001
2024-12-24T13:14:27.123Z info: Connected to MongoDB
2024-12-24T13:14:37.871Z info: Server is running on port 5001
2024-12-24T13:14:38.060Z info: Connected to MongoDB
2024-12-24T13:14:47.282Z info: Server is running on port 5001
2024-12-24T13:14:47.479Z info: Connected to MongoDB
2024-12-24T13:14:49.872Z info: Server is running on port 5001
2024-12-24T13:14:50.061Z info: Connected to MongoDB
2024-12-24T13:14:53.831Z info: Server is running on port 5001
2024-12-24T13:14:54.023Z info: Connected to MongoDB
2024-12-24T13:14:59.862Z info: Server is running on port 5001
2024-12-24T13:15:00.052Z info: Connected to MongoDB
2024-12-24T13:15:17.790Z info: Server is running on port 5001
2024-12-24T13:15:17.975Z info: Connected to MongoDB
2024-12-24T13:15:23.245Z info: Server is running on port 5001
2024-12-24T13:15:23.458Z info: Connected to MongoDB
2024-12-24T13:19:49.858Z info: Server is running on port 5001
2024-12-24T13:19:50.058Z info: Connected to MongoDB
2024-12-24T13:19:51.406Z info: Server is running on port 5001
2024-12-24T13:19:51.598Z info: Connected to MongoDB
2024-12-24T13:19:53.362Z info: Server is running on port 5001
2024-12-24T13:19:53.561Z info: Connected to MongoDB
2024-12-24T13:19:55.324Z info: Server is running on port 5001
2024-12-24T13:19:55.507Z info: Connected to MongoDB
2024-12-24T13:19:56.438Z info: Server is running on port 5001
2024-12-24T13:19:56.640Z info: Connected to MongoDB
2024-12-24T13:20:44.130Z info: Server is running on port 5001
2024-12-24T13:20:44.324Z info: Connected to MongoDB
2024-12-24T13:21:03.483Z info: Server is running on port 5001
2024-12-24T13:21:03.676Z info: Connected to MongoDB
2024-12-24T13:21:12.022Z info: Server is running on port 5001
2024-12-24T13:21:12.235Z info: Connected to MongoDB
2024-12-24T13:21:18.504Z info: Server is running on port 5001
2024-12-24T13:21:18.707Z info: Connected to MongoDB
2024-12-24T13:21:25.424Z info: Server is running on port 5001
2024-12-24T13:21:25.622Z info: Connected to MongoDB
2024-12-24T13:21:29.319Z info: Server is running on port 5001
2024-12-24T13:21:29.557Z info: Connected to MongoDB
2024-12-24T13:21:32.780Z info: Server is running on port 5001
2024-12-24T13:21:32.986Z info: Connected to MongoDB
2024-12-24T13:21:36.153Z info: Server is running on port 5001
2024-12-24T13:21:36.366Z info: Connected to MongoDB
2024-12-24T13:21:41.852Z info: Server is running on port 5001
2024-12-24T13:21:42.036Z info: Connected to MongoDB
2024-12-24T13:21:55.751Z info: Server is running on port 5001
2024-12-24T13:21:55.995Z info: Connected to MongoDB
2024-12-24T13:21:59.894Z info: Server is running on port 5001
2024-12-24T13:22:00.090Z info: Connected to MongoDB
2024-12-24T13:22:08.350Z info: Server is running on port 5001
2024-12-24T13:22:08.538Z info: Connected to MongoDB
2024-12-24T13:22:27.668Z info: Server is running on port 5001
2024-12-24T13:22:27.851Z info: Connected to MongoDB
2024-12-24T13:22:28.860Z info: Server is running on port 5001
2024-12-24T13:22:29.066Z info: Connected to MongoDB
2024-12-24T13:22:55.690Z info: Server is running on port 5001
2024-12-24T13:22:55.921Z info: Connected to MongoDB
2024-12-24T13:23:07.835Z info: Server is running on port 5001
2024-12-24T13:23:08.016Z info: Connected to MongoDB
2024-12-24T13:23:09.742Z info: Server is running on port 5001
2024-12-24T13:23:09.925Z info: Connected to MongoDB
2024-12-24T13:23:13.333Z info: Server is running on port 5001
2024-12-24T13:23:13.509Z info: Connected to MongoDB
2024-12-24T13:23:18.467Z info: Server is running on port 5001
2024-12-24T13:23:18.652Z info: Connected to MongoDB
2024-12-24T13:23:33.031Z info: Server is running on port 5001
2024-12-24T13:23:33.220Z info: Connected to MongoDB
2024-12-24T13:23:35.234Z info: Server is running on port 5001
2024-12-24T13:23:35.426Z info: Connected to MongoDB
2024-12-24T13:23:42.719Z info: Server is running on port 5001
2024-12-24T13:23:42.920Z info: Connected to MongoDB
2024-12-24T13:23:44.712Z info: Server is running on port 5001
2024-12-24T13:23:44.910Z info: Connected to MongoDB
2024-12-24T13:24:12.269Z info: Server is running on port 5001
2024-12-24T13:24:12.478Z info: Connected to MongoDB
2024-12-24T13:24:32.135Z info: Server is running on port 5001
2024-12-24T13:24:32.332Z info: Connected to MongoDB
2024-12-24T13:31:02.780Z info: Server is running on port 5001
2024-12-24T13:31:03.002Z info: Connected to MongoDB
2024-12-24T13:33:29.294Z info: Server is running on port 5001
2024-12-24T13:33:29.540Z info: Connected to MongoDB
2024-12-24T13:34:10.539Z info: Server is running on port 5001
2024-12-24T13:34:10.725Z info: Connected to MongoDB
2024-12-24T13:35:18.906Z info: Server is running on port 5001
2024-12-24T13:35:19.137Z info: Connected to MongoDB
2024-12-24T13:35:24.872Z info: Server is running on port 5001
2024-12-24T13:35:25.057Z info: Connected to MongoDB
2024-12-24T13:35:25.913Z info: Server is running on port 5001
2024-12-24T13:35:26.092Z info: Connected to MongoDB
2024-12-24T13:35:50.320Z info: Server is running on port 5001
2024-12-24T13:35:50.506Z info: Connected to MongoDB
2024-12-24T13:38:08.157Z info: Server is running on port 5001
2024-12-24T13:38:08.353Z info: Connected to MongoDB
2024-12-24T13:39:04.525Z info: Server is running on port 5001
2024-12-24T13:39:04.728Z info: Connected to MongoDB
2024-12-24T13:44:00.847Z info: Server is running on port 5001
2024-12-24T13:44:01.147Z info: Connected to MongoDB
2024-12-24T13:44:04.270Z info: Server is running on port 5001
2024-12-24T13:44:04.575Z info: Connected to MongoDB
2024-12-24T13:44:25.325Z info: Server is running on port 5001
2024-12-24T13:44:25.655Z info: Connected to MongoDB
2024-12-24T13:44:27.294Z info: Server is running on port 5001
2024-12-24T13:44:27.583Z info: Connected to MongoDB
2024-12-24T13:44:55.763Z info: Server is running on port 5001
2024-12-24T13:44:56.048Z info: Connected to MongoDB
2024-12-24T13:45:03.303Z info: Server is running on port 5001
2024-12-24T13:45:03.579Z info: Connected to MongoDB
2024-12-24T13:45:14.057Z info: Server is running on port 5001
2024-12-24T13:45:15.780Z info: Server is running on port 5001
2024-12-24T13:45:16.071Z info: Connected to MongoDB
2024-12-24T13:45:28.411Z info: Server is running on port 5001
2024-12-24T13:45:28.706Z info: Connected to MongoDB
2024-12-24T13:48:33.904Z info: Server is running on port 5001
2024-12-24T13:48:34.185Z info: Connected to MongoDB
2024-12-24T13:55:43.046Z info: Server is running on port 5001
2024-12-24T13:55:43.340Z info: Connected to MongoDB
2024-12-24T13:56:19.307Z info: Server is running on port 5001
2024-12-24T13:56:19.650Z info: Connected to MongoDB
2024-12-24T13:57:32.118Z info: Server is running on port 5001
2024-12-24T13:57:32.417Z info: Connected to MongoDB
2024-12-25T23:26:49.512Z info: Server is running on port 5001
2024-12-25T23:26:49.851Z info: Connected to MongoDB
2024-12-25T23:27:00.877Z info: Server is running on port 5001
2024-12-25T23:27:01.132Z info: Connected to MongoDB
2024-12-25T23:27:04.589Z info: Server is running on port 5001
2024-12-25T23:27:04.850Z info: Connected to MongoDB
2024-12-25T23:27:19.850Z info: Server is running on port 5001
2024-12-25T23:27:20.120Z info: Connected to MongoDB
2024-12-25T23:27:31.709Z info: Server is running on port 5001
2024-12-25T23:27:31.990Z info: Connected to MongoDB
2024-12-25T23:27:37.926Z info: Server is running on port 5001
2024-12-25T23:27:38.192Z info: Connected to MongoDB
2024-12-25T23:27:42.364Z info: Server is running on port 5001
2024-12-25T23:27:42.652Z info: Connected to MongoDB
2024-12-25T23:27:44.917Z info: Server is running on port 5001
2024-12-25T23:27:45.223Z info: Connected to MongoDB
2024-12-25T23:27:46.954Z info: Server is running on port 5001
2024-12-25T23:27:47.224Z info: Connected to MongoDB
2024-12-25T23:27:49.570Z info: Server is running on port 5001
2024-12-25T23:27:49.954Z info: Connected to MongoDB
2024-12-25T23:27:52.407Z info: Server is running on port 5001
2024-12-25T23:27:52.681Z info: Connected to MongoDB
2024-12-25T23:27:54.531Z info: Server is running on port 5001
2024-12-25T23:27:54.837Z info: Connected to MongoDB
2024-12-25T23:27:57.378Z info: Server is running on port 5001
2024-12-25T23:27:57.668Z info: Connected to MongoDB
2024-12-25T23:27:59.747Z info: Server is running on port 5001
2024-12-25T23:28:00.074Z info: Connected to MongoDB
2024-12-25T23:28:02.763Z info: Server is running on port 5001
2024-12-25T23:28:03.031Z info: Connected to MongoDB
2024-12-25T23:28:05.032Z info: Server is running on port 5001
2024-12-25T23:28:06.721Z info: Server is running on port 5001
2024-12-25T23:28:06.974Z info: Connected to MongoDB
2024-12-25T23:28:10.543Z info: Server is running on port 5001
2024-12-25T23:28:10.849Z info: Connected to MongoDB
2024-12-25T23:28:12.947Z info: Server is running on port 5001
2024-12-25T23:28:13.206Z info: Connected to MongoDB
2024-12-25T23:28:17.807Z info: Server is running on port 5001
2024-12-25T23:28:18.119Z info: Connected to MongoDB
2024-12-25T23:28:21.964Z info: Server is running on port 5001
2024-12-25T23:28:22.233Z info: Connected to MongoDB
2024-12-25T23:28:24.839Z info: Server is running on port 5001
2024-12-25T23:28:26.642Z info: Server is running on port 5001
2024-12-25T23:28:28.232Z info: Server is running on port 5001
2024-12-25T23:28:28.526Z info: Connected to MongoDB
2024-12-25T23:28:45.906Z info: Server is running on port 5001
2024-12-25T23:28:46.176Z info: Connected to MongoDB
2024-12-25T23:28:49.593Z info: Server is running on port 5001
2024-12-25T23:28:49.916Z info: Connected to MongoDB
2024-12-25T23:28:52.152Z info: Server is running on port 5001
2024-12-25T23:28:52.434Z info: Connected to MongoDB
2024-12-25T23:29:43.051Z info: Server is running on port 5001
2024-12-25T23:29:43.370Z info: Connected to MongoDB
2024-12-25T23:29:46.383Z info: Server is running on port 5001
2024-12-25T23:29:46.639Z info: Connected to MongoDB
2024-12-25T23:29:50.629Z info: Server is running on port 5001
2024-12-25T23:29:51.224Z info: Connected to MongoDB
2024-12-25T23:29:54.192Z info: Server is running on port 5001
2024-12-25T23:29:54.458Z info: Connected to MongoDB
2024-12-25T23:44:19.640Z info: Server is running on port 5001
2024-12-25T23:44:19.947Z info: Connected to MongoDB
2024-12-25T23:51:26.046Z info: Server is running on port 5001
2024-12-25T23:51:26.335Z info: Connected to MongoDB
2024-12-26T00:14:28.568Z info: Server is running on port 5001
2024-12-26T00:14:28.840Z info: Connected to MongoDB
2024-12-26T00:17:32.867Z info: Server is running on port 5001
2024-12-26T00:17:33.167Z info: Connected to MongoDB
2024-12-26T00:41:47.427Z info: Server is running on port 5001
2024-12-26T00:41:47.724Z info: Connected to MongoDB
2024-12-26T01:09:33.701Z info: Server is running on port 5001
2024-12-26T01:09:34.063Z info: Connected to MongoDB
2024-12-26T01:14:09.769Z info: Server is running on port 5001
2024-12-26T01:14:10.094Z info: Connected to MongoDB
2024-12-26T01:14:54.425Z info: Server is running on port 5001
2024-12-26T01:14:54.724Z info: Connected to MongoDB
2024-12-26T01:44:13.429Z info: Server is running on port 5001
2024-12-26T01:44:13.631Z info: Connected to MongoDB
2024-12-26T01:44:15.340Z info: Server is running on port 5001
2024-12-26T01:44:15.533Z info: Connected to MongoDB
2024-12-26T01:45:04.788Z info: Server is running on port 5001
2024-12-26T01:45:04.989Z info: Connected to MongoDB
2024-12-26T01:46:33.787Z info: Server is running on port 5001
2024-12-26T01:46:34.032Z info: Connected to MongoDB
2024-12-26T01:48:27.925Z info: Server is running on port 5001
2024-12-26T01:48:28.112Z info: Connected to MongoDB
2024-12-26T01:51:39.902Z info: Server is running on port 5001
2024-12-26T01:51:40.109Z info: Connected to MongoDB
2024-12-26T02:00:59.793Z info: Server is running on port 5001
2024-12-26T02:01:00.119Z info: Connected to MongoDB
2024-12-26T02:09:09.900Z info: Server is running on port 5001
2024-12-26T02:09:10.231Z info: Connected to MongoDB
2024-12-26T02:11:35.498Z info: Server is running on port 5001
2024-12-26T02:11:35.815Z info: Connected to MongoDB
2024-12-26T02:12:42.865Z info: Server is running on port 5001
2024-12-26T02:12:43.159Z info: Connected to MongoDB
2024-12-26T02:18:04.391Z info: Server is running on port 5001
2024-12-26T02:18:06.160Z info: Server is running on port 5001
2024-12-26T02:18:06.463Z info: Connected to MongoDB
2024-12-26T02:19:09.293Z info: Server is running on port 5001
2024-12-26T02:19:09.589Z info: Connected to MongoDB
2024-12-26T02:31:00.591Z info: Server is running on port 5001
2024-12-26T02:31:00.924Z info: Connected to MongoDB
2024-12-26T02:31:54.592Z info: Server is running on port 5001
2024-12-26T02:31:54.900Z info: Connected to MongoDB
2024-12-26T02:32:04.383Z info: Server is running on port 5001
2024-12-26T02:32:04.714Z info: Connected to MongoDB
2024-12-26T02:32:09.565Z info: Server is running on port 5001
2024-12-26T02:32:09.862Z info: Connected to MongoDB
2024-12-27T06:03:59.030Z info: Server is running on port 5001
2024-12-27T06:03:59.408Z info: Connected to MongoDB
2024-12-27T06:08:57.410Z info: Server is running on port 5001
2024-12-27T06:08:57.792Z info: Connected to MongoDB
2024-12-27T07:16:31.677Z info: Server is running on port 5001
2024-12-27T07:16:31.952Z info: Connected to MongoDB
2024-12-27T07:29:25.543Z info: Server is running on port 5001
2024-12-27T07:29:25.783Z info: Connected to MongoDB
2024-12-27T07:35:05.770Z info: Server is running on port 5001
2024-12-27T07:35:05.991Z info: Connected to MongoDB
2024-12-27T08:06:57.309Z error: Error: Route not found
2024-12-27T08:06:57.317Z error: Error: Route not found
2024-12-27T08:17:41.281Z info: Server is running on port 5001
2024-12-27T08:17:41.625Z info: Connected to MongoDB
2024-12-27T08:31:37.807Z info: Server is running on port 5001
2024-12-27T08:31:38.117Z info: Connected to MongoDB
2025-01-01T07:08:41.603Z info: Server is running on port 5001
2025-01-01T07:08:41.968Z info: Connected to MongoDB
2025-01-01T07:17:47.744Z info: Server is running on port 5001
2025-01-01T07:17:48.031Z info: Connected to MongoDB
2025-01-01T07:17:57.452Z info: Server is running on port 5001
2025-01-01T07:17:57.788Z info: Connected to MongoDB
2025-01-01T07:26:30.783Z info: Server is running on port 5001
2025-01-01T07:26:31.182Z info: Connected to MongoDB
2025-01-01T07:26:37.229Z info: Server is running on port 5001
2025-01-01T07:26:37.514Z info: Connected to MongoDB
2025-01-01T07:27:58.798Z info: Server is running on port 5001
2025-01-01T07:27:59.145Z info: Connected to MongoDB
2025-01-01T07:47:47.262Z info: Server is running on port 5001
2025-01-01T07:47:47.572Z info: Connected to MongoDB
2025-01-01T07:47:50.098Z info: Server is running on port 5001
2025-01-01T07:47:50.402Z info: Connected to MongoDB
2025-01-01T07:47:56.866Z info: Server is running on port 5001
2025-01-01T07:47:57.140Z info: Connected to MongoDB
2025-01-01T07:47:59.087Z info: Server is running on port 5001
2025-01-01T07:47:59.376Z info: Connected to MongoDB
2025-01-01T07:48:01.125Z info: Server is running on port 5001
2025-01-01T07:48:03.458Z info: Connected to MongoDB
2025-01-01T07:48:05.507Z info: Server is running on port 5001
2025-01-01T07:48:05.838Z info: Connected to MongoDB
2025-01-01T07:48:07.682Z info: Server is running on port 5001
2025-01-01T07:48:07.977Z info: Connected to MongoDB
2025-01-01T07:48:13.227Z info: Server is running on port 5001
2025-01-01T07:48:13.564Z info: Connected to MongoDB
2025-01-01T07:48:17.314Z info: Server is running on port 5001
2025-01-01T07:48:17.596Z info: Connected to MongoDB
2025-01-01T07:48:24.649Z info: SIGINT received. Closing MongoDB connection.
2025-01-01T07:48:32.217Z info: Server is running on port 5001
2025-01-01T07:48:32.491Z info: Connected to MongoDB
2025-01-01T07:49:38.189Z info: Server is running on port 5001
2025-01-01T07:49:38.521Z info: Connected to MongoDB
2025-01-01T07:49:40.140Z info: Server is running on port 5001
2025-01-01T07:49:40.458Z info: Connected to MongoDB
2025-01-01T07:49:45.790Z info: Server is running on port 5001
2025-01-01T07:49:46.087Z info: Connected to MongoDB
2025-01-01T07:49:48.934Z info: Server is running on port 5001
2025-01-01T07:49:49.233Z info: Connected to MongoDB
2025-01-01T07:49:53.961Z info: Server is running on port 5001
2025-01-01T07:49:54.255Z info: Connected to MongoDB
2025-01-01T07:51:30.662Z info: Server is running on port 5001
2025-01-01T07:51:30.980Z info: Connected to MongoDB
2025-01-01T07:51:36.611Z info: Server is running on port 5001
2025-01-01T07:51:36.895Z info: Connected to MongoDB
2025-01-01T07:51:41.777Z info: Server is running on port 5001
2025-01-01T07:51:42.100Z info: Connected to MongoDB
2025-01-01T07:51:50.403Z info: Server is running on port 5001
2025-01-01T07:51:50.679Z info: Connected to MongoDB
2025-01-01T07:51:53.370Z info: Server is running on port 5001
2025-01-01T07:51:53.741Z info: Connected to MongoDB
2025-01-01T07:51:57.535Z info: Server is running on port 5001
2025-01-01T07:51:57.835Z info: Connected to MongoDB
2025-01-01T07:52:45.834Z info: Server is running on port 5001
2025-01-01T07:52:46.170Z info: Connected to MongoDB
2025-01-01T07:52:49.687Z info: Server is running on port 5001
2025-01-01T07:52:49.976Z info: Connected to MongoDB
2025-01-01T07:52:52.285Z info: Server is running on port 5001
2025-01-01T07:52:52.563Z info: Connected to MongoDB
2025-01-01T07:54:40.648Z info: Server is running on port 5001
2025-01-01T07:54:40.934Z info: Connected to MongoDB
2025-01-01T07:55:19.913Z info: Server is running on port 5001
2025-01-01T07:55:20.222Z info: Connected to MongoDB
2025-01-07T13:52:24.357Z info: Server is running on port 5001
2025-01-07T13:52:24.698Z info: Connected to MongoDB
2025-01-07T13:52:29.542Z info: Server is running on port 5001
2025-01-07T13:52:29.873Z info: Connected to MongoDB
2025-01-07T13:55:23.638Z info: Server is running on port 5001
2025-01-07T13:55:24.052Z info: Connected to MongoDB
2025-01-07T13:55:26.565Z info: Server is running on port 5001
2025-01-07T13:55:26.869Z info: Connected to MongoDB
2025-01-07T13:55:31.004Z info: Server is running on port 5001
2025-01-07T13:55:31.278Z info: Connected to MongoDB
2025-01-07T13:55:37.035Z info: Server is running on port 5001
2025-01-07T13:55:37.335Z info: Connected to MongoDB
2025-01-07T13:55:55.790Z info: Server is running on port 5001
2025-01-07T13:55:56.100Z info: Connected to MongoDB
2025-01-07T13:55:58.765Z info: Server is running on port 5001
2025-01-07T13:55:59.043Z info: Connected to MongoDB
2025-01-07T13:56:09.760Z info: Server is running on port 5001
2025-01-07T13:56:10.051Z info: Connected to MongoDB
2025-01-07T14:01:58.592Z info: Server is running on port 5001
2025-01-07T14:01:58.845Z info: Connected to MongoDB
2025-01-07T14:02:09.844Z info: Server is running on port 5001
2025-01-07T14:02:10.047Z info: Connected to MongoDB
2025-01-07T14:02:14.251Z info: Server is running on port 5001
2025-01-07T14:02:14.448Z info: Connected to MongoDB
2025-01-07T14:04:08.886Z info: Server is running on port 5001
2025-01-07T14:04:09.109Z info: Connected to MongoDB
2025-01-07T14:04:11.779Z info: Server is running on port 5001
2025-01-07T14:04:11.977Z info: Connected to MongoDB
2025-01-07T14:04:14.686Z info: Server is running on port 5001
2025-01-07T14:04:14.902Z info: Connected to MongoDB
2025-01-07T14:04:16.331Z info: Server is running on port 5001
2025-01-07T14:04:16.533Z info: Connected to MongoDB
2025-01-07T14:05:52.833Z info: Server is running on port 5001
2025-01-07T14:05:53.053Z info: Connected to MongoDB
2025-01-07T14:05:56.619Z info: Server is running on port 5001
2025-01-07T14:05:56.843Z info: Connected to MongoDB
2025-01-07T14:06:05.123Z info: Server is running on port 5001
2025-01-07T14:06:05.315Z info: Connected to MongoDB
2025-01-07T14:06:29.618Z info: Server is running on port 5001
2025-01-07T14:06:29.835Z info: Connected to MongoDB
2025-01-07T14:06:30.982Z info: Server is running on port 5001
2025-01-07T14:06:31.234Z info: Connected to MongoDB
2025-01-07T14:06:49.586Z info: Server is running on port 5001
2025-01-07T14:06:49.785Z info: Connected to MongoDB
2025-01-07T14:07:00.706Z info: Server is running on port 5001
2025-01-07T14:07:01.025Z info: Connected to MongoDB
2025-01-07T14:07:02.743Z info: Server is running on port 5001
2025-01-07T14:07:02.940Z info: Connected to MongoDB
2025-01-07T14:07:05.516Z info: Server is running on port 5001
2025-01-07T14:07:05.706Z info: Connected to MongoDB
2025-01-07T14:07:14.276Z info: Server is running on port 5001
2025-01-07T14:07:14.530Z info: Connected to MongoDB
2025-01-07T14:07:20.510Z info: Server is running on port 5001
2025-01-07T14:07:20.754Z info: Connected to MongoDB
2025-01-07T14:08:30.762Z info: Server is running on port 5001
2025-01-07T14:08:30.962Z info: Connected to MongoDB
2025-01-07T14:08:33.111Z info: Server is running on port 5001
2025-01-07T14:08:33.327Z info: Connected to MongoDB
2025-01-07T14:08:35.881Z info: Server is running on port 5001
2025-01-07T14:08:36.143Z info: Connected to MongoDB
2025-01-07T14:08:37.672Z info: Server is running on port 5001
2025-01-07T14:08:37.895Z info: Connected to MongoDB
2025-01-07T14:08:46.189Z info: Server is running on port 5001
2025-01-07T14:08:46.378Z info: Connected to MongoDB
2025-01-07T14:08:52.103Z info: Server is running on port 5001
2025-01-07T14:08:52.306Z info: Connected to MongoDB
2025-01-07T14:09:04.835Z info: Server is running on port 5001
2025-01-07T14:09:05.026Z info: Connected to MongoDB
2025-01-07T14:09:09.619Z info: Server is running on port 5001
2025-01-07T14:09:09.835Z info: Connected to MongoDB
2025-01-07T14:09:13.555Z info: Server is running on port 5001
2025-01-07T14:09:13.766Z info: Connected to MongoDB
2025-01-07T14:09:15.528Z info: Server is running on port 5001
2025-01-07T14:09:15.748Z info: Connected to MongoDB
2025-01-07T14:09:53.265Z info: Server is running on port 5001
2025-01-07T14:09:53.499Z info: Connected to MongoDB
2025-01-07T14:09:56.929Z info: Server is running on port 5001
2025-01-07T14:09:57.119Z info: Connected to MongoDB
2025-01-07T14:09:58.450Z info: Server is running on port 5001
2025-01-07T14:09:58.636Z info: Connected to MongoDB
2025-01-07T14:10:00.743Z info: Server is running on port 5001
2025-01-07T14:10:00.974Z info: Connected to MongoDB
2025-01-07T14:10:54.382Z info: Server is running on port 5001
2025-01-07T14:10:54.598Z info: Connected to MongoDB
2025-01-07T14:10:59.015Z info: Server is running on port 5001
2025-01-07T14:10:59.243Z info: Connected to MongoDB
2025-01-07T14:11:10.121Z info: Server is running on port 5001
2025-01-07T14:11:10.339Z info: Connected to MongoDB
2025-01-07T14:11:13.958Z info: Server is running on port 5001
2025-01-07T14:11:14.183Z info: Connected to MongoDB
2025-01-07T14:11:19.005Z info: Server is running on port 5001
2025-01-07T14:11:19.192Z info: Connected to MongoDB
2025-01-07T14:11:24.391Z info: Server is running on port 5001
2025-01-07T14:11:24.605Z info: Connected to MongoDB
2025-01-07T14:11:26.845Z info: Server is running on port 5001
2025-01-07T14:11:27.045Z info: Connected to MongoDB
2025-01-07T14:11:41.735Z info: Server is running on port 5001
2025-01-07T14:11:41.923Z info: Connected to MongoDB
2025-01-07T14:11:43.486Z info: Server is running on port 5001
2025-01-07T14:11:43.680Z info: Connected to MongoDB
2025-01-07T14:11:48.047Z info: Server is running on port 5001
2025-01-07T14:11:48.233Z info: Connected to MongoDB
2025-01-07T14:11:52.707Z info: Server is running on port 5001
2025-01-07T14:11:52.892Z info: Connected to MongoDB
2025-01-07T14:11:55.620Z info: Server is running on port 5001
2025-01-07T14:11:55.848Z info: Connected to MongoDB
2025-01-07T14:12:03.311Z info: Server is running on port 5001
2025-01-07T14:12:03.509Z info: Connected to MongoDB
2025-01-07T14:12:06.321Z info: Server is running on port 5001
2025-01-07T14:12:06.542Z info: Connected to MongoDB
2025-01-07T14:12:17.032Z info: Server is running on port 5001
2025-01-07T14:12:17.230Z info: Connected to MongoDB
2025-01-07T14:12:22.574Z info: Server is running on port 5001
2025-01-07T14:12:22.767Z info: Connected to MongoDB
2025-01-07T14:12:36.857Z info: Server is running on port 5001
2025-01-07T14:12:37.063Z info: Connected to MongoDB
2025-01-07T14:12:42.136Z info: Server is running on port 5001
2025-01-07T14:12:42.330Z info: Connected to MongoDB
2025-01-07T14:12:51.601Z info: Server is running on port 5001
2025-01-07T14:12:51.808Z info: Connected to MongoDB
2025-01-07T14:14:17.623Z info: Server is running on port 5001
2025-01-07T14:14:17.823Z info: Connected to MongoDB
2025-01-07T14:14:19.198Z info: Server is running on port 5001
2025-01-07T14:14:19.397Z info: Connected to MongoDB
2025-01-07T14:14:20.241Z info: Server is running on port 5001
2025-01-07T14:14:20.451Z info: Connected to MongoDB
2025-01-07T14:14:21.910Z info: Server is running on port 5001
2025-01-07T14:14:22.102Z info: Connected to MongoDB
2025-01-07T14:14:29.969Z info: Server is running on port 5001
2025-01-07T14:14:30.183Z info: Connected to MongoDB
2025-01-07T14:14:32.797Z info: Server is running on port 5001
2025-01-07T14:14:33.006Z info: Connected to MongoDB
2025-01-07T14:14:41.395Z info: Server is running on port 5001
2025-01-07T14:14:41.600Z info: Connected to MongoDB
2025-01-07T14:14:44.111Z info: Server is running on port 5001
2025-01-07T14:14:44.303Z info: Connected to MongoDB
2025-01-07T14:14:46.711Z info: Server is running on port 5001
2025-01-07T14:14:46.904Z info: Connected to MongoDB
2025-01-07T14:14:53.010Z info: Server is running on port 5001
2025-01-07T14:14:53.201Z info: Connected to MongoDB
2025-01-07T14:14:55.010Z info: Server is running on port 5001
2025-01-07T14:14:55.216Z info: Connected to MongoDB
2025-01-07T14:15:00.541Z info: Server is running on port 5001
2025-01-07T14:15:00.756Z info: Connected to MongoDB
2025-01-07T14:21:01.795Z info: Server is running on port 5001
2025-01-07T14:21:02.014Z info: Connected to MongoDB
2025-01-07T14:21:07.550Z info: Server is running on port 5001
2025-01-07T14:21:07.801Z info: Connected to MongoDB
2025-01-07T14:21:08.905Z info: Server is running on port 5001
2025-01-07T14:21:09.087Z info: Connected to MongoDB
2025-01-07T14:21:15.390Z info: Server is running on port 5001
2025-01-07T14:21:15.608Z info: Connected to MongoDB
2025-01-07T14:22:23.808Z info: Server is running on port 5001
2025-01-07T14:22:24.005Z info: Connected to MongoDB
2025-01-07T14:22:27.998Z info: Server is running on port 5001
2025-01-07T14:22:28.199Z info: Connected to MongoDB
2025-01-07T14:23:15.651Z info: Server is running on port 5001
2025-01-07T14:23:15.837Z info: Connected to MongoDB
2025-01-07T14:23:20.529Z info: Server is running on port 5001
2025-01-07T14:23:20.721Z info: Connected to MongoDB
2025-01-07T14:23:26.669Z info: Server is running on port 5001
2025-01-07T14:23:26.868Z info: Connected to MongoDB
2025-01-07T14:23:33.696Z info: Server is running on port 5001
2025-01-07T14:23:33.920Z info: Connected to MongoDB
2025-01-07T14:28:49.341Z info: Server is running on port 5001
2025-01-07T14:28:49.569Z info: Connected to MongoDB
2025-01-07T14:32:53.459Z info: Server is running on port 5001
2025-01-07T14:32:53.731Z info: Connected to MongoDB
2025-01-07T14:32:58.306Z info: Server is running on port 5001
2025-01-07T14:32:58.496Z info: Connected to MongoDB
2025-01-07T14:33:03.810Z info: Server is running on port 5001
2025-01-07T14:33:04.060Z info: Connected to MongoDB
2025-01-07T14:33:11.430Z info: Server is running on port 5001
2025-01-07T14:33:11.637Z info: Connected to MongoDB
2025-01-07T14:33:12.968Z info: Server is running on port 5001
2025-01-07T14:33:13.170Z info: Connected to MongoDB
2025-01-07T14:33:39.163Z info: Server is running on port 5001
2025-01-07T14:33:39.364Z info: Connected to MongoDB
2025-01-07T14:33:40.353Z info: Server is running on port 5001
2025-01-07T14:33:40.570Z info: Connected to MongoDB
2025-01-07T14:33:45.733Z info: Server is running on port 5001
2025-01-07T14:33:45.946Z info: Connected to MongoDB
2025-01-07T14:33:47.105Z info: Server is running on port 5001
2025-01-07T14:33:47.341Z info: Connected to MongoDB
2025-01-07T14:36:06.791Z info: Server is running on port 5001
2025-01-07T14:36:07.035Z info: Connected to MongoDB
2025-01-07T14:36:09.818Z info: Server is running on port 5001
2025-01-07T14:36:10.009Z info: Connected to MongoDB
2025-01-07T14:36:11.332Z info: Server is running on port 5001
2025-01-07T14:36:11.529Z info: Connected to MongoDB
2025-01-07T14:36:12.481Z info: Server is running on port 5001
2025-01-07T14:36:12.722Z info: Connected to MongoDB
2025-01-07T14:36:15.511Z info: Server is running on port 5001
2025-01-07T14:36:15.719Z info: Connected to MongoDB
2025-01-07T14:36:17.823Z info: Server is running on port 5001
2025-01-07T14:36:18.031Z info: Connected to MongoDB
2025-01-07T14:37:09.401Z info: Server is running on port 5001
2025-01-07T14:37:09.618Z info: Connected to MongoDB
2025-01-07T14:59:32.754Z info: Server is running on port 5001
2025-01-07T14:59:33.010Z info: Connected to MongoDB
2025-01-07T15:10:14.993Z info: Server is running on port 5001
2025-01-07T15:10:15.228Z info: Connected to MongoDB
2025-01-07T15:11:55.195Z info: Server is running on port 5001
2025-01-07T15:11:55.461Z info: Connected to MongoDB
2025-01-07T15:11:57.526Z info: Server is running on port 5001
2025-01-07T15:11:57.712Z info: Connected to MongoDB
2025-01-07T15:11:59.304Z info: Server is running on port 5001
2025-01-07T15:11:59.527Z info: Connected to MongoDB
2025-01-07T15:12:03.103Z info: Server is running on port 5001
2025-01-07T15:12:03.329Z info: Connected to MongoDB
2025-01-07T15:12:09.848Z info: Server is running on port 5001
2025-01-07T15:12:10.034Z info: Connected to MongoDB
2025-01-07T15:12:13.818Z info: Server is running on port 5001
2025-01-07T15:12:14.148Z info: Connected to MongoDB
2025-01-07T15:21:19.335Z info: Server is running on port 5001
2025-01-07T15:21:19.572Z info: Connected to MongoDB
2025-01-07T15:24:16.398Z info: Server is running on port 5001
2025-01-07T15:24:16.605Z info: Connected to MongoDB
2025-01-07T15:24:18.575Z info: Server is running on port 5001
2025-01-07T15:24:18.869Z info: Connected to MongoDB
2025-01-07T15:24:24.731Z info: Server is running on port 5001
2025-01-07T15:24:24.977Z info: Connected to MongoDB
2025-01-07T15:24:26.610Z info: Server is running on port 5001
2025-01-07T15:24:26.808Z info: Connected to MongoDB
2025-01-07T15:24:35.879Z info: Server is running on port 5001
2025-01-07T15:24:36.114Z info: Connected to MongoDB
2025-01-07T15:24:44.170Z info: Server is running on port 5001
2025-01-07T15:24:44.372Z info: Connected to MongoDB
2025-01-07T15:24:53.392Z info: Server is running on port 5001
2025-01-07T15:24:53.587Z info: Connected to MongoDB
2025-01-07T15:24:54.955Z info: Server is running on port 5001
2025-01-07T15:24:55.162Z info: Connected to MongoDB
2025-01-07T15:25:00.930Z info: Server is running on port 5001
2025-01-07T15:25:01.147Z info: Connected to MongoDB
2025-01-07T15:25:02.493Z info: Server is running on port 5001
2025-01-07T15:25:02.687Z info: Connected to MongoDB
2025-01-07T15:25:07.469Z info: Server is running on port 5001
2025-01-07T15:25:07.667Z info: Connected to MongoDB
2025-01-07T15:25:12.212Z info: Server is running on port 5001
2025-01-07T15:25:12.398Z info: Connected to MongoDB
2025-01-07T15:25:28.642Z info: Server is running on port 5001
2025-01-07T15:25:28.869Z info: Connected to MongoDB
2025-01-07T15:25:29.992Z info: Server is running on port 5001
2025-01-07T15:25:30.206Z info: Connected to MongoDB
2025-01-07T15:25:35.296Z info: Server is running on port 5001
2025-01-07T15:25:35.497Z info: Connected to MongoDB
2025-01-07T15:25:37.893Z info: Server is running on port 5001
2025-01-07T15:25:38.096Z info: Connected to MongoDB
2025-01-07T15:25:45.116Z info: Server is running on port 5001
2025-01-07T15:25:45.334Z info: Connected to MongoDB
2025-01-07T15:25:53.520Z info: Server is running on port 5001
2025-01-07T15:25:53.732Z info: Connected to MongoDB
2025-01-07T15:25:55.714Z info: Server is running on port 5001
2025-01-07T15:25:55.905Z info: Connected to MongoDB
2025-01-07T15:26:01.502Z info: Server is running on port 5001
2025-01-07T15:26:01.751Z info: Connected to MongoDB
2025-01-07T15:26:10.489Z info: Server is running on port 5001
2025-01-07T15:26:10.707Z info: Connected to MongoDB
2025-01-07T15:26:15.657Z info: Server is running on port 5001
2025-01-07T15:26:15.852Z info: Connected to MongoDB
2025-01-07T15:26:20.183Z info: Server is running on port 5001
2025-01-07T15:26:20.399Z info: Connected to MongoDB
2025-01-07T15:26:24.020Z info: Server is running on port 5001
2025-01-07T15:26:24.218Z info: Connected to MongoDB
2025-01-07T15:26:25.702Z info: Server is running on port 5001
2025-01-07T15:26:25.890Z info: Connected to MongoDB
2025-01-07T15:26:31.697Z info: Server is running on port 5001
2025-01-07T15:26:31.886Z info: Connected to MongoDB
2025-01-07T15:26:35.291Z info: Server is running on port 5001
2025-01-07T15:26:35.502Z info: Connected to MongoDB
2025-01-07T15:26:36.902Z info: Server is running on port 5001
2025-01-07T15:26:37.094Z info: Connected to MongoDB
2025-01-07T15:26:37.892Z info: Server is running on port 5001
2025-01-07T15:26:38.090Z info: Connected to MongoDB
2025-01-07T15:26:43.110Z info: Server is running on port 5001
2025-01-07T15:26:43.338Z info: Connected to MongoDB
2025-01-07T15:26:44.106Z info: Server is running on port 5001
2025-01-07T15:26:44.294Z info: Connected to MongoDB
2025-01-07T15:26:49.411Z info: Server is running on port 5001
2025-01-07T15:26:49.647Z info: Connected to MongoDB
2025-01-07T15:26:55.966Z info: Server is running on port 5001
2025-01-07T15:26:56.193Z info: Connected to MongoDB
2025-01-07T15:27:01.362Z info: Server is running on port 5001
2025-01-07T15:27:01.562Z info: Connected to MongoDB
2025-01-07T15:27:06.059Z info: Server is running on port 5001
2025-01-07T15:27:06.257Z info: Connected to MongoDB
2025-01-07T15:27:13.551Z info: Server is running on port 5001
2025-01-07T15:27:13.749Z info: Connected to MongoDB
2025-01-07T15:27:18.563Z info: Server is running on port 5001
2025-01-07T15:27:18.776Z info: Connected to MongoDB
2025-01-07T15:27:23.081Z info: Server is running on port 5001
2025-01-07T15:27:23.281Z info: Connected to MongoDB
2025-01-07T15:27:24.362Z info: Server is running on port 5001
2025-01-07T15:27:24.602Z info: Connected to MongoDB
2025-01-07T15:27:29.374Z info: Server is running on port 5001
2025-01-07T15:27:29.572Z info: Connected to MongoDB
2025-01-07T15:27:35.937Z info: Server is running on port 5001
2025-01-07T15:27:36.131Z info: Connected to MongoDB
2025-01-07T15:27:40.475Z info: Server is running on port 5001
2025-01-07T15:27:40.693Z info: Connected to MongoDB
2025-01-07T15:27:41.472Z info: Server is running on port 5001
2025-01-07T15:27:41.668Z info: Connected to MongoDB
2025-01-07T15:27:47.512Z info: Server is running on port 5001
2025-01-07T15:27:47.729Z info: Connected to MongoDB
2025-01-07T15:27:52.344Z info: Server is running on port 5001
2025-01-07T15:27:52.556Z info: Connected to MongoDB
2025-01-07T15:27:57.609Z info: Server is running on port 5001
2025-01-07T15:27:57.813Z info: Connected to MongoDB
2025-01-07T15:28:06.923Z info: Server is running on port 5001
2025-01-07T15:28:07.127Z info: Connected to MongoDB
2025-01-07T15:28:09.442Z info: Server is running on port 5001
2025-01-07T15:28:09.647Z info: Connected to MongoDB
2025-01-07T15:28:15.907Z info: Server is running on port 5001
2025-01-07T15:28:16.133Z info: Connected to MongoDB
2025-01-07T15:28:19.712Z info: Server is running on port 5001
2025-01-07T15:28:19.920Z info: Connected to MongoDB
2025-01-07T15:28:23.393Z info: Server is running on port 5001
2025-01-07T15:28:23.674Z info: Connected to MongoDB
2025-01-07T15:28:29.735Z info: Server is running on port 5001
2025-01-07T15:28:30.122Z info: Connected to MongoDB
2025-01-07T15:28:31.163Z info: Server is running on port 5001
2025-01-07T15:28:31.427Z info: Connected to MongoDB
2025-01-07T15:28:38.081Z info: Server is running on port 5001
2025-01-07T15:28:38.305Z info: Connected to MongoDB
2025-01-07T15:28:42.394Z info: Server is running on port 5001
2025-01-07T15:28:42.603Z info: Connected to MongoDB
2025-01-07T15:28:48.434Z info: Server is running on port 5001
2025-01-07T15:28:48.629Z info: Connected to MongoDB
2025-01-07T15:28:54.941Z info: Server is running on port 5001
2025-01-07T15:28:55.128Z info: Connected to MongoDB
2025-01-07T15:29:00.168Z info: Server is running on port 5001
2025-01-07T15:29:00.395Z info: Connected to MongoDB
2025-01-07T15:29:06.686Z info: Server is running on port 5001
2025-01-07T15:29:06.882Z info: Connected to MongoDB
2025-01-07T15:29:13.759Z info: Server is running on port 5001
2025-01-07T15:29:13.980Z info: Connected to MongoDB
2025-01-07T15:29:16.105Z info: Server is running on port 5001
2025-01-07T15:29:16.288Z info: Connected to MongoDB
2025-01-07T15:30:00.351Z info: Server is running on port 5001
2025-01-07T15:30:00.599Z info: Connected to MongoDB
2025-01-07T15:30:04.278Z info: Server is running on port 5001
2025-01-07T15:30:04.545Z info: Connected to MongoDB
2025-01-07T15:30:06.909Z info: Server is running on port 5001
2025-01-07T15:30:07.109Z info: Connected to MongoDB
2025-01-07T15:30:51.181Z info: Server is running on port 5001
2025-01-07T15:30:51.397Z info: Connected to MongoDB
2025-01-07T15:51:20.331Z info: Server is running on port 5001
2025-01-07T15:51:20.580Z info: Connected to MongoDB
2025-01-07T16:19:47.396Z info: Server is running on port 5001
2025-01-07T16:19:47.604Z info: Connected to MongoDB
2025-01-07T16:19:48.423Z info: Server is running on port 5001
2025-01-07T16:19:48.641Z info: Connected to MongoDB
2025-01-07T16:19:49.545Z info: Server is running on port 5001
2025-01-07T16:19:49.733Z info: Connected to MongoDB
2025-01-07T16:20:46.637Z info: Server is running on port 5001
2025-01-07T16:20:46.828Z info: Connected to MongoDB
2025-01-07T16:20:51.977Z info: Server is running on port 5001
2025-01-07T16:20:52.215Z info: Connected to MongoDB
2025-01-07T16:20:53.437Z info: Server is running on port 5001
2025-01-07T16:20:53.633Z info: Connected to MongoDB
2025-01-21T10:12:12.531Z info: Server is running on port 5001
2025-01-21T10:12:13.088Z info: Connected to MongoDB
2025-02-21T08:23:33.596Z info: Server is running on port 5001
2025-02-21T08:23:33.915Z info: Connected to MongoDB
2025-02-24T22:24:18.540Z info: Server is running on port 5001
2025-02-24T22:24:18.829Z info: Connected to MongoDB
2025-02-27T19:04:04.445Z info: Server is running on port 5001
2025-02-27T19:04:04.689Z info: Connected to MongoDB
2025-03-02T05:11:11.492Z info: Server is running on port 5001
2025-03-02T05:11:11.921Z info: Connected to MongoDB
2025-03-02T05:11:57.936Z error: Error: Not allowed by CORS
2025-03-02T05:11:57.948Z error: Error: Not allowed by CORS
2025-03-02T05:12:09.929Z error: Error: Not allowed by CORS
2025-03-02T05:12:09.936Z error: Error: Not allowed by CORS
2025-03-04T14:03:28.240Z info: Server is running on port 5001
2025-03-04T14:03:28.525Z info: Connected to MongoDB
2025-03-04T15:21:14.044Z info: Server is running on port 5001
2025-03-04T15:21:14.359Z info: Connected to MongoDB
2025-03-05T13:45:05.501Z info: Server is running on port 5001
2025-03-05T13:45:05.813Z info: Connected to MongoDB
2025-03-06T12:58:37.455Z info: Server is running on port 5001
2025-03-06T12:58:37.757Z info: Connected to MongoDB
2025-03-06T13:28:58.666Z info: Server is running on port 5001
2025-03-06T13:28:59.255Z info: Connected to MongoDB
2025-03-06T13:33:04.751Z info: Server is running on port 5001
2025-03-06T13:33:05.033Z info: Connected to MongoDB
2025-03-06T13:37:16.825Z info: Server is running on port 5001
2025-03-06T13:37:17.108Z info: Connected to MongoDB
2025-03-06T13:37:31.292Z info: Server is running on port 5001
2025-03-06T13:37:31.570Z info: Connected to MongoDB
2025-03-06T13:52:16.812Z info: Server is running on port 5001
2025-03-06T13:52:17.221Z info: Connected to MongoDB
2025-03-08T07:38:48.834Z info: Server is running on port 5001
2025-03-08T07:38:49.179Z info: Connected to MongoDB
2025-05-01T09:39:27.014Z info: Server is running on port 5001
2025-05-01T09:39:27.335Z info: Connected to MongoDB
2025-07-19T17:46:55.563Z info: Server is running on port 5001
2025-07-19T17:46:55.888Z info: Connected to MongoDB
2025-07-19T17:50:54.695Z info: Server is running on port 5001
2025-07-19T17:50:54.990Z info: Connected to MongoDB
2025-07-21T08:11:47.344Z info: Server is running on port 5001
2025-07-21T08:11:47.855Z info: Connected to MongoDB
2025-07-21T09:03:24.768Z info: Server is running on port 5001
2025-07-21T09:03:27.065Z info: Connected to MongoDB
2025-07-21T09:13:43.245Z info: Server is running on port 5001
2025-07-21T09:13:43.522Z info: Connected to MongoDB
2025-07-22T04:19:19.035Z info: Server is running on port 5001
2025-07-22T04:19:19.497Z info: Connected to MongoDB
2025-07-22T04:31:00.385Z info: Server is running on port 5001
2025-07-22T04:31:00.653Z info: Connected to MongoDB
2025-07-22T04:31:03.081Z info: Server is running on port 5001
2025-07-22T04:31:03.355Z info: Connected to MongoDB
2025-07-22T04:35:50.679Z info: Server is running on port 5001
2025-07-22T04:35:52.550Z info: Server is running on port 5001
2025-07-22T04:35:52.845Z info: Connected to MongoDB
2025-07-22T05:43:04.521Z info: Server is running on port 5001
2025-07-22T05:43:04.985Z info: Connected to MongoDB
2025-07-22T06:12:55.389Z info: Server is running on port 5001
2025-07-22T06:12:56.666Z info: Connected to MongoDB
2025-07-22T06:12:59.515Z info: Server is running on port 5001
2025-07-22T06:13:00.097Z info: Connected to MongoDB
2025-07-22T07:20:44.466Z info: Server is running on port 5001
2025-07-22T07:20:45.514Z info: Connected to MongoDB
2025-07-22T07:25:23.776Z info: Server is running on port 5001
2025-07-22T07:25:24.111Z info: Connected to MongoDB
2025-07-22T07:26:20.907Z info: Server is running on port 5001
2025-07-22T07:26:21.262Z info: Connected to MongoDB
2025-07-22T07:26:22.903Z info: Server is running on port 5001
2025-07-22T07:26:23.196Z info: Connected to MongoDB
2025-07-22T07:29:58.745Z info: Server is running on port 5001
2025-07-22T07:30:00.403Z info: Server is running on port 5001
2025-07-22T07:30:01.836Z info: Server is running on port 5001
2025-07-22T07:30:02.139Z info: Connected to MongoDB
2025-07-22T07:30:05.439Z info: Server is running on port 5001
2025-07-22T07:30:05.753Z info: Connected to MongoDB
2025-07-22T07:30:07.422Z info: Server is running on port 5001
2025-07-22T07:30:09.499Z info: Server is running on port 5001
2025-07-22T07:30:10.930Z info: Connected to MongoDB
2025-07-22T07:31:54.463Z info: Server is running on port 5001
2025-07-22T07:31:54.782Z info: Connected to MongoDB
2025-07-22T07:32:00.859Z info: Server is running on port 5001
2025-07-22T07:32:01.180Z info: Connected to MongoDB
2025-07-22T07:41:06.842Z info: Server is running on port 5001
2025-07-22T07:41:07.589Z info: Connected to MongoDB
2025-07-22T07:41:12.599Z info: Server is running on port 5001
2025-07-22T07:41:14.440Z info: Server is running on port 5001
2025-07-22T07:41:14.735Z info: Connected to MongoDB
2025-07-22T07:46:34.686Z info: Server is running on port 5001
2025-07-22T07:46:35.075Z info: Connected to MongoDB
2025-07-22T07:47:12.020Z info: Server is running on port 5001
2025-07-22T07:47:13.120Z info: Connected to MongoDB
2025-07-22T07:47:16.351Z info: Server is running on port 5001
2025-07-22T07:47:17.060Z info: Connected to MongoDB
2025-07-22T07:52:04.685Z info: Server is running on port 5001
2025-07-22T07:52:05.025Z info: Connected to MongoDB
2025-07-22T08:24:13.055Z info: Server is running on port 5001
2025-07-22T08:24:13.519Z info: Connected to MongoDB
2025-07-23T05:21:59.058Z info: Server is running on port 5001
2025-07-23T05:21:59.332Z info: Connected to MongoDB
2025-07-23T06:53:33.184Z info: Server is running on port 5001
2025-07-23T06:53:34.834Z info: Server is running on port 5001
2025-07-23T06:53:35.087Z info: Connected to MongoDB
2025-07-23T07:50:23.288Z info: Server is running on port 5001
2025-07-23T07:50:23.898Z info: Connected to MongoDB
2025-07-24T05:56:17.214Z info: Server is running on port 5001
2025-07-24T05:56:17.790Z info: Connected to MongoDB
2025-07-24T06:24:37.838Z info: Server is running on port 5001
2025-07-24T06:24:38.377Z info: Connected to MongoDB
2025-07-24T06:24:43.574Z info: Server is running on port 5001
2025-07-24T06:24:43.875Z info: Connected to MongoDB
